<?xml version="1.0" encoding="UTF-8"?>
<!-- Generated by org.testng.reporters.JUnitReportReporter -->
<testsuite hostname="LTIN200674" failures="0" tests="2" name="com.mmp.scripts.TC_03" time="9.530" errors="0" timestamp="2022-03-30T10:34:35 IST" skipped="0">
  <testcase classname="com.mmp.scripts.TC_03" name="HomePage" time="7.350"/>
  <system-out/>
  <testcase classname="com.mmp.scripts.TC_03" name="Hotel_Booking_Page" time="2.180"/>
  <system-out/>
</testsuite> <!-- com.mmp.scripts.TC_03 -->
