<?xml version="1.0" encoding="UTF-8"?>
<!-- Generated by org.testng.reporters.JUnitReportReporter -->
<testsuite hostname="LTIN200674" failures="0" tests="3" name="com.mmp.scripts.TC_02" time="11.717" errors="0" timestamp="2022-03-30T10:34:35 IST" skipped="0">
  <testcase classname="com.mmp.scripts.TC_02" name="demo" time="5.660"/>
  <system-out/>
  <testcase classname="com.mmp.scripts.TC_02" name="demo2" time="3.100"/>
  <system-out/>
  <testcase classname="com.mmp.scripts.TC_02" name="demo3" time="2.957"/>
  <system-out/>
</testsuite> <!-- com.mmp.scripts.TC_02 -->
