<?xml version="1.0" encoding="UTF-8"?>
<!-- Generated by org.testng.reporters.JUnitReportReporter -->
<testsuite hostname="LTIN200674" failures="0" tests="3" name="com.mmp.scripts.TC_01" time="31.073" errors="0" timestamp="2022-03-30T10:34:35 IST" skipped="0">
  <testcase classname="com.mmp.scripts.TC_01" name="HomePage" time="7.771"/>
  <system-out/>
  <testcase classname="com.mmp.scripts.TC_01" name="CabSearch" time="16.386"/>
  <system-out/>
  <testcase classname="com.mmp.scripts.TC_01" name="CabsList" time="6.916"/>
  <system-out/>
</testsuite> <!-- com.mmp.scripts.TC_01 -->
